[0.177s] DEBUG:colcon:Command line arguments: ['/usr/bin/colcon', 'build']
[0.177s] DEBUG:colcon:Parsed command line arguments: Namespace(log_base=None, log_level=None, verb_name='build', build_base='build', install_base='install', merge_install=False, symlink_install=False, test_result_base=None, continue_on_error=False, executor='parallel', parallel_workers=8, event_handlers=None, ignore_user_meta=False, metas=['./colcon.meta'], base_paths=['.'], packages_ignore=None, packages_ignore_regex=None, paths=None, packages_up_to=None, packages_up_to_regex=None, packages_above=None, packages_above_and_dependencies=None, packages_above_depth=None, packages_select_by_dep=None, packages_skip_by_dep=None, packages_skip_up_to=None, packages_select_build_failed=False, packages_skip_build_finished=False, packages_select_test_failures=False, packages_skip_test_passed=False, packages_select=None, packages_skip=None, packages_select_regex=None, packages_skip_regex=None, packages_start=None, packages_end=None, allow_overriding=[], cmake_args=None, cmake_target=None, cmake_target_skip_unavailable=False, cmake_clean_cache=False, cmake_clean_first=False, cmake_force_configure=False, ament_cmake_args=None, catkin_cmake_args=None, catkin_skip_building_tests=False, verb_parser=<colcon_defaults.argument_parser.defaults.DefaultArgumentsDecorator object at 0x7a4fb75237c0>, verb_extension=<colcon_core.verb.build.BuildVerb object at 0x7a4fb7658c70>, main=<bound method BuildVerb.main of <colcon_core.verb.build.BuildVerb object at 0x7a4fb7658c70>>)
[0.449s] Level 1:colcon.colcon_core.package_discovery:discover_packages(colcon_meta) check parameters
[0.451s] Level 1:colcon.colcon_core.package_discovery:discover_packages(recursive) check parameters
[0.451s] Level 1:colcon.colcon_core.package_discovery:discover_packages(ignore) check parameters
[0.452s] Level 1:colcon.colcon_core.package_discovery:discover_packages(path) check parameters
[0.452s] Level 1:colcon.colcon_core.package_discovery:discover_packages(colcon_meta) discover
[0.452s] Level 1:colcon.colcon_core.package_discovery:discover_packages(recursive) discover
[0.452s] INFO:colcon.colcon_core.package_discovery:Crawling recursively for packages in '/home/kwy/kwy_teleop'
[0.452s] Level 1:colcon.colcon_core.package_identification:_identify(.) by extensions ['ignore', 'ignore_ament_install']
[0.452s] Level 1:colcon.colcon_core.package_identification:_identify(.) by extension 'ignore'
[0.453s] Level 1:colcon.colcon_core.package_identification:_identify(.) by extension 'ignore_ament_install'
[0.453s] Level 1:colcon.colcon_core.package_identification:_identify(.) by extensions ['colcon_pkg']
[0.453s] Level 1:colcon.colcon_core.package_identification:_identify(.) by extension 'colcon_pkg'
[0.453s] Level 1:colcon.colcon_core.package_identification:_identify(.) by extensions ['colcon_meta']
[0.453s] Level 1:colcon.colcon_core.package_identification:_identify(.) by extension 'colcon_meta'
[0.453s] Level 1:colcon.colcon_core.package_identification:_identify(.) by extensions ['ros']
[0.453s] Level 1:colcon.colcon_core.package_identification:_identify(.) by extension 'ros'
[0.475s] Level 1:colcon.colcon_core.package_identification:_identify(.) by extensions ['cmake', 'python']
[0.475s] Level 1:colcon.colcon_core.package_identification:_identify(.) by extension 'cmake'
[0.475s] Level 1:colcon.colcon_core.package_identification:_identify(.) by extension 'python'
[0.475s] Level 1:colcon.colcon_core.package_identification:_identify(.) by extensions ['python_setup_py']
[0.475s] Level 1:colcon.colcon_core.package_identification:_identify(.) by extension 'python_setup_py'
[0.476s] Level 1:colcon.colcon_core.package_identification:_identify(build) by extensions ['ignore', 'ignore_ament_install']
[0.476s] Level 1:colcon.colcon_core.package_identification:_identify(build) by extension 'ignore'
[0.476s] Level 1:colcon.colcon_core.package_identification:_identify(build) ignored
[0.476s] Level 1:colcon.colcon_core.package_identification:_identify(install) by extensions ['ignore', 'ignore_ament_install']
[0.476s] Level 1:colcon.colcon_core.package_identification:_identify(install) by extension 'ignore'
[0.476s] Level 1:colcon.colcon_core.package_identification:_identify(install) ignored
[0.476s] Level 1:colcon.colcon_core.package_identification:_identify(log) by extensions ['ignore', 'ignore_ament_install']
[0.476s] Level 1:colcon.colcon_core.package_identification:_identify(log) by extension 'ignore'
[0.476s] Level 1:colcon.colcon_core.package_identification:_identify(log) ignored
[0.476s] Level 1:colcon.colcon_core.package_identification:_identify(src) by extensions ['ignore', 'ignore_ament_install']
[0.477s] Level 1:colcon.colcon_core.package_identification:_identify(src) by extension 'ignore'
[0.477s] Level 1:colcon.colcon_core.package_identification:_identify(src) by extension 'ignore_ament_install'
[0.477s] Level 1:colcon.colcon_core.package_identification:_identify(src) by extensions ['colcon_pkg']
[0.477s] Level 1:colcon.colcon_core.package_identification:_identify(src) by extension 'colcon_pkg'
[0.477s] Level 1:colcon.colcon_core.package_identification:_identify(src) by extensions ['colcon_meta']
[0.477s] Level 1:colcon.colcon_core.package_identification:_identify(src) by extension 'colcon_meta'
[0.477s] Level 1:colcon.colcon_core.package_identification:_identify(src) by extensions ['ros']
[0.477s] Level 1:colcon.colcon_core.package_identification:_identify(src) by extension 'ros'
[0.477s] Level 1:colcon.colcon_core.package_identification:_identify(src) by extensions ['cmake', 'python']
[0.477s] Level 1:colcon.colcon_core.package_identification:_identify(src) by extension 'cmake'
[0.477s] Level 1:colcon.colcon_core.package_identification:_identify(src) by extension 'python'
[0.477s] Level 1:colcon.colcon_core.package_identification:_identify(src) by extensions ['python_setup_py']
[0.477s] Level 1:colcon.colcon_core.package_identification:_identify(src) by extension 'python_setup_py'
[0.477s] Level 1:colcon.colcon_core.package_identification:_identify(src/jdamr200_cartographer) by extensions ['ignore', 'ignore_ament_install']
[0.477s] Level 1:colcon.colcon_core.package_identification:_identify(src/jdamr200_cartographer) by extension 'ignore'
[0.477s] Level 1:colcon.colcon_core.package_identification:_identify(src/jdamr200_cartographer) by extension 'ignore_ament_install'
[0.477s] Level 1:colcon.colcon_core.package_identification:_identify(src/jdamr200_cartographer) by extensions ['colcon_pkg']
[0.477s] Level 1:colcon.colcon_core.package_identification:_identify(src/jdamr200_cartographer) by extension 'colcon_pkg'
[0.478s] Level 1:colcon.colcon_core.package_identification:_identify(src/jdamr200_cartographer) by extensions ['colcon_meta']
[0.478s] Level 1:colcon.colcon_core.package_identification:_identify(src/jdamr200_cartographer) by extension 'colcon_meta'
[0.478s] Level 1:colcon.colcon_core.package_identification:_identify(src/jdamr200_cartographer) by extensions ['ros']
[0.478s] Level 1:colcon.colcon_core.package_identification:_identify(src/jdamr200_cartographer) by extension 'ros'
[0.480s] DEBUG:colcon.colcon_core.package_identification:Package 'src/jdamr200_cartographer' with type 'ros.ament_cmake' and name 'jdamr200_cartographer'
[0.481s] Level 1:colcon.colcon_core.package_identification:_identify(src/jdamr200_node) by extensions ['ignore', 'ignore_ament_install']
[0.481s] Level 1:colcon.colcon_core.package_identification:_identify(src/jdamr200_node) by extension 'ignore'
[0.481s] Level 1:colcon.colcon_core.package_identification:_identify(src/jdamr200_node) by extension 'ignore_ament_install'
[0.481s] Level 1:colcon.colcon_core.package_identification:_identify(src/jdamr200_node) by extensions ['colcon_pkg']
[0.481s] Level 1:colcon.colcon_core.package_identification:_identify(src/jdamr200_node) by extension 'colcon_pkg'
[0.481s] Level 1:colcon.colcon_core.package_identification:_identify(src/jdamr200_node) by extensions ['colcon_meta']
[0.481s] Level 1:colcon.colcon_core.package_identification:_identify(src/jdamr200_node) by extension 'colcon_meta'
[0.481s] Level 1:colcon.colcon_core.package_identification:_identify(src/jdamr200_node) by extensions ['ros']
[0.481s] Level 1:colcon.colcon_core.package_identification:_identify(src/jdamr200_node) by extension 'ros'
[0.482s] DEBUG:colcon.colcon_core.package_identification:Package 'src/jdamr200_node' with type 'ros.ament_python' and name 'jdamr200_node'
[0.482s] Level 1:colcon.colcon_core.package_identification:_identify(src/jdamr200_teleop) by extensions ['ignore', 'ignore_ament_install']
[0.482s] Level 1:colcon.colcon_core.package_identification:_identify(src/jdamr200_teleop) by extension 'ignore'
[0.482s] Level 1:colcon.colcon_core.package_identification:_identify(src/jdamr200_teleop) by extension 'ignore_ament_install'
[0.483s] Level 1:colcon.colcon_core.package_identification:_identify(src/jdamr200_teleop) by extensions ['colcon_pkg']
[0.483s] Level 1:colcon.colcon_core.package_identification:_identify(src/jdamr200_teleop) by extension 'colcon_pkg'
[0.483s] Level 1:colcon.colcon_core.package_identification:_identify(src/jdamr200_teleop) by extensions ['colcon_meta']
[0.483s] Level 1:colcon.colcon_core.package_identification:_identify(src/jdamr200_teleop) by extension 'colcon_meta'
[0.484s] Level 1:colcon.colcon_core.package_identification:_identify(src/jdamr200_teleop) by extensions ['ros']
[0.484s] Level 1:colcon.colcon_core.package_identification:_identify(src/jdamr200_teleop) by extension 'ros'
[0.486s] DEBUG:colcon.colcon_core.package_identification:Package 'src/jdamr200_teleop' with type 'ros.ament_python' and name 'jdamr200_teleop'
[0.486s] Level 1:colcon.colcon_core.package_discovery:discover_packages(recursive) using defaults
[0.486s] Level 1:colcon.colcon_core.package_discovery:discover_packages(ignore) discover
[0.486s] Level 1:colcon.colcon_core.package_discovery:discover_packages(ignore) using defaults
[0.486s] Level 1:colcon.colcon_core.package_discovery:discover_packages(path) discover
[0.486s] Level 1:colcon.colcon_core.package_discovery:discover_packages(path) using defaults
[0.536s] Level 1:colcon.colcon_core.package_discovery:discover_packages(prefix_path) check parameters
[0.536s] Level 1:colcon.colcon_core.package_discovery:discover_packages(prefix_path) discover
[0.540s] WARNING:colcon.colcon_ros.prefix_path.ament:The path '/home/kwy/kwy_teleop/install/jdamr200_teleop' in the environment variable AMENT_PREFIX_PATH doesn't exist
[0.540s] WARNING:colcon.colcon_ros.prefix_path.ament:The path '/home/kwy/kwy_teleop/install/jdamr200_cartographer' in the environment variable AMENT_PREFIX_PATH doesn't exist
[0.541s] WARNING:colcon.colcon_ros.prefix_path.catkin:The path '/home/kwy/kwy_teleop/install/jdamr200_cartographer' in the environment variable CMAKE_PREFIX_PATH doesn't exist
[0.542s] DEBUG:colcon.colcon_installed_package_information.package_discovery:Found 0 installed packages in /home/kwy/kwy_teleop/install
[0.545s] DEBUG:colcon.colcon_installed_package_information.package_discovery:Found 273 installed packages in /opt/ros/humble
[0.579s] Level 1:colcon.colcon_core.package_discovery:discover_packages(prefix_path) using defaults
[0.680s] Level 5:colcon.colcon_core.verb:set package 'jdamr200_cartographer' build argument 'cmake_args' from command line to 'None'
[0.680s] Level 5:colcon.colcon_core.verb:set package 'jdamr200_cartographer' build argument 'cmake_target' from command line to 'None'
[0.680s] Level 5:colcon.colcon_core.verb:set package 'jdamr200_cartographer' build argument 'cmake_target_skip_unavailable' from command line to 'False'
[0.680s] Level 5:colcon.colcon_core.verb:set package 'jdamr200_cartographer' build argument 'cmake_clean_cache' from command line to 'False'
[0.680s] Level 5:colcon.colcon_core.verb:set package 'jdamr200_cartographer' build argument 'cmake_clean_first' from command line to 'False'
[0.680s] Level 5:colcon.colcon_core.verb:set package 'jdamr200_cartographer' build argument 'cmake_force_configure' from command line to 'False'
[0.680s] Level 5:colcon.colcon_core.verb:set package 'jdamr200_cartographer' build argument 'ament_cmake_args' from command line to 'None'
[0.680s] Level 5:colcon.colcon_core.verb:set package 'jdamr200_cartographer' build argument 'catkin_cmake_args' from command line to 'None'
[0.680s] Level 5:colcon.colcon_core.verb:set package 'jdamr200_cartographer' build argument 'catkin_skip_building_tests' from command line to 'False'
[0.680s] DEBUG:colcon.colcon_core.verb:Building package 'jdamr200_cartographer' with the following arguments: {'ament_cmake_args': None, 'build_base': '/home/kwy/kwy_teleop/build/jdamr200_cartographer', 'catkin_cmake_args': None, 'catkin_skip_building_tests': False, 'cmake_args': None, 'cmake_clean_cache': False, 'cmake_clean_first': False, 'cmake_force_configure': False, 'cmake_target': None, 'cmake_target_skip_unavailable': False, 'install_base': '/home/kwy/kwy_teleop/install/jdamr200_cartographer', 'merge_install': False, 'path': '/home/kwy/kwy_teleop/src/jdamr200_cartographer', 'symlink_install': False, 'test_result_base': None}
[0.681s] Level 5:colcon.colcon_core.verb:set package 'jdamr200_node' build argument 'cmake_args' from command line to 'None'
[0.681s] Level 5:colcon.colcon_core.verb:set package 'jdamr200_node' build argument 'cmake_target' from command line to 'None'
[0.681s] Level 5:colcon.colcon_core.verb:set package 'jdamr200_node' build argument 'cmake_target_skip_unavailable' from command line to 'False'
[0.681s] Level 5:colcon.colcon_core.verb:set package 'jdamr200_node' build argument 'cmake_clean_cache' from command line to 'False'
[0.681s] Level 5:colcon.colcon_core.verb:set package 'jdamr200_node' build argument 'cmake_clean_first' from command line to 'False'
[0.681s] Level 5:colcon.colcon_core.verb:set package 'jdamr200_node' build argument 'cmake_force_configure' from command line to 'False'
[0.681s] Level 5:colcon.colcon_core.verb:set package 'jdamr200_node' build argument 'ament_cmake_args' from command line to 'None'
[0.681s] Level 5:colcon.colcon_core.verb:set package 'jdamr200_node' build argument 'catkin_cmake_args' from command line to 'None'
[0.681s] Level 5:colcon.colcon_core.verb:set package 'jdamr200_node' build argument 'catkin_skip_building_tests' from command line to 'False'
[0.681s] DEBUG:colcon.colcon_core.verb:Building package 'jdamr200_node' with the following arguments: {'ament_cmake_args': None, 'build_base': '/home/kwy/kwy_teleop/build/jdamr200_node', 'catkin_cmake_args': None, 'catkin_skip_building_tests': False, 'cmake_args': None, 'cmake_clean_cache': False, 'cmake_clean_first': False, 'cmake_force_configure': False, 'cmake_target': None, 'cmake_target_skip_unavailable': False, 'install_base': '/home/kwy/kwy_teleop/install/jdamr200_node', 'merge_install': False, 'path': '/home/kwy/kwy_teleop/src/jdamr200_node', 'symlink_install': False, 'test_result_base': None}
[0.682s] Level 5:colcon.colcon_core.verb:set package 'jdamr200_teleop' build argument 'cmake_args' from command line to 'None'
[0.682s] Level 5:colcon.colcon_core.verb:set package 'jdamr200_teleop' build argument 'cmake_target' from command line to 'None'
[0.682s] Level 5:colcon.colcon_core.verb:set package 'jdamr200_teleop' build argument 'cmake_target_skip_unavailable' from command line to 'False'
[0.682s] Level 5:colcon.colcon_core.verb:set package 'jdamr200_teleop' build argument 'cmake_clean_cache' from command line to 'False'
[0.682s] Level 5:colcon.colcon_core.verb:set package 'jdamr200_teleop' build argument 'cmake_clean_first' from command line to 'False'
[0.682s] Level 5:colcon.colcon_core.verb:set package 'jdamr200_teleop' build argument 'cmake_force_configure' from command line to 'False'
[0.683s] Level 5:colcon.colcon_core.verb:set package 'jdamr200_teleop' build argument 'ament_cmake_args' from command line to 'None'
[0.683s] Level 5:colcon.colcon_core.verb:set package 'jdamr200_teleop' build argument 'catkin_cmake_args' from command line to 'None'
[0.683s] Level 5:colcon.colcon_core.verb:set package 'jdamr200_teleop' build argument 'catkin_skip_building_tests' from command line to 'False'
[0.683s] DEBUG:colcon.colcon_core.verb:Building package 'jdamr200_teleop' with the following arguments: {'ament_cmake_args': None, 'build_base': '/home/kwy/kwy_teleop/build/jdamr200_teleop', 'catkin_cmake_args': None, 'catkin_skip_building_tests': False, 'cmake_args': None, 'cmake_clean_cache': False, 'cmake_clean_first': False, 'cmake_force_configure': False, 'cmake_target': None, 'cmake_target_skip_unavailable': False, 'install_base': '/home/kwy/kwy_teleop/install/jdamr200_teleop', 'merge_install': False, 'path': '/home/kwy/kwy_teleop/src/jdamr200_teleop', 'symlink_install': False, 'test_result_base': None}
[0.683s] INFO:colcon.colcon_core.executor:Executing jobs using 'parallel' executor
[0.687s] DEBUG:colcon.colcon_parallel_executor.executor.parallel:run_until_complete
[0.687s] INFO:colcon.colcon_ros.task.ament_cmake.build:Building ROS package in '/home/kwy/kwy_teleop/src/jdamr200_cartographer' with build type 'ament_cmake'
[0.688s] INFO:colcon.colcon_cmake.task.cmake.build:Building CMake package in '/home/kwy/kwy_teleop/src/jdamr200_cartographer'
[0.692s] INFO:colcon.colcon_core.plugin_system:Skipping extension 'colcon_core.shell.bat': Not used on non-Windows systems
[0.692s] INFO:colcon.colcon_core.shell:Skip shell extension 'powershell' for command environment: Not usable outside of PowerShell
[0.692s] DEBUG:colcon.colcon_core.shell:Skip shell extension 'dsv' for command environment
[0.698s] INFO:colcon.colcon_ros.task.ament_python.build:Building ROS package in '/home/kwy/kwy_teleop/src/jdamr200_node' with build type 'ament_python'
[0.698s] Level 1:colcon.colcon_core.shell:create_environment_hook('jdamr200_node', 'ament_prefix_path')
[0.699s] INFO:colcon.colcon_core.shell:Creating environment hook '/home/kwy/kwy_teleop/install/jdamr200_node/share/jdamr200_node/hook/ament_prefix_path.ps1'
[0.701s] INFO:colcon.colcon_core.shell:Creating environment descriptor '/home/kwy/kwy_teleop/install/jdamr200_node/share/jdamr200_node/hook/ament_prefix_path.dsv'
[0.703s] INFO:colcon.colcon_core.shell:Creating environment hook '/home/kwy/kwy_teleop/install/jdamr200_node/share/jdamr200_node/hook/ament_prefix_path.sh'
[0.706s] INFO:colcon.colcon_core.shell:Skip shell extension 'powershell' for command environment: Not usable outside of PowerShell
[0.706s] DEBUG:colcon.colcon_core.shell:Skip shell extension 'dsv' for command environment
[0.709s] INFO:colcon.colcon_ros.task.ament_python.build:Building ROS package in '/home/kwy/kwy_teleop/src/jdamr200_teleop' with build type 'ament_python'
[0.709s] Level 1:colcon.colcon_core.shell:create_environment_hook('jdamr200_teleop', 'ament_prefix_path')
[0.709s] INFO:colcon.colcon_core.shell:Creating environment hook '/home/kwy/kwy_teleop/install/jdamr200_teleop/share/jdamr200_teleop/hook/ament_prefix_path.ps1'
[0.710s] INFO:colcon.colcon_core.shell:Creating environment descriptor '/home/kwy/kwy_teleop/install/jdamr200_teleop/share/jdamr200_teleop/hook/ament_prefix_path.dsv'
[0.711s] INFO:colcon.colcon_core.shell:Creating environment hook '/home/kwy/kwy_teleop/install/jdamr200_teleop/share/jdamr200_teleop/hook/ament_prefix_path.sh'
[0.711s] INFO:colcon.colcon_core.shell:Skip shell extension 'powershell' for command environment: Not usable outside of PowerShell
[0.711s] DEBUG:colcon.colcon_core.shell:Skip shell extension 'dsv' for command environment
[0.719s] DEBUG:colcon.colcon_core.event_handler.log_command:Invoking command in '/home/kwy/kwy_teleop/build/jdamr200_cartographer': CMAKE_PREFIX_PATH=${CMAKE_PREFIX_PATH}:/home/kwy/kwy_teleop/install/jdamr200_teleop:/opt/ros/humble /usr/bin/cmake /home/kwy/kwy_teleop/src/jdamr200_cartographer -DCMAKE_INSTALL_PREFIX=/home/kwy/kwy_teleop/install/jdamr200_cartographer
[1.024s] INFO:colcon.colcon_core.task.python.build:Building Python package in '/home/kwy/kwy_teleop/src/jdamr200_node'
[1.025s] INFO:colcon.colcon_core.shell:Skip shell extension 'powershell' for command environment: Not usable outside of PowerShell
[1.025s] DEBUG:colcon.colcon_core.shell:Skip shell extension 'dsv' for command environment
[1.369s] INFO:colcon.colcon_core.task.python.build:Building Python package in '/home/kwy/kwy_teleop/src/jdamr200_teleop'
[1.369s] INFO:colcon.colcon_core.shell:Skip shell extension 'powershell' for command environment: Not usable outside of PowerShell
[1.369s] DEBUG:colcon.colcon_core.shell:Skip shell extension 'dsv' for command environment
[1.779s] DEBUG:colcon.colcon_core.event_handler.log_command:Invoking command in '/home/kwy/kwy_teleop/src/jdamr200_node': PYTHONPATH=/home/kwy/kwy_teleop/build/jdamr200_node/prefix_override:/usr/lib/python3/dist-packages/colcon_core/task/python/colcon_distutils_commands:/home/kwy/kwy_teleop/install/jdamr200_node/lib/python3.10/site-packages:${PYTHONPATH} /usr/bin/python3 -W ignore:setup.py install is deprecated -W ignore:easy_install command is deprecated setup.py egg_info --egg-base ../../build/jdamr200_node build --build-base /home/kwy/kwy_teleop/build/jdamr200_node/build install --record /home/kwy/kwy_teleop/build/jdamr200_node/install.log --single-version-externally-managed install_data
[1.797s] DEBUG:colcon.colcon_core.event_handler.log_command:Invoking command in '/home/kwy/kwy_teleop/src/jdamr200_teleop': PYTHONPATH=/home/kwy/kwy_teleop/build/jdamr200_teleop/prefix_override:/usr/lib/python3/dist-packages/colcon_core/task/python/colcon_distutils_commands:/home/kwy/kwy_teleop/install/jdamr200_teleop/lib/python3.10/site-packages:${PYTHONPATH} /usr/bin/python3 -W ignore:setup.py install is deprecated -W ignore:easy_install command is deprecated setup.py egg_info --egg-base ../../build/jdamr200_teleop build --build-base /home/kwy/kwy_teleop/build/jdamr200_teleop/build install --record /home/kwy/kwy_teleop/build/jdamr200_teleop/install.log --single-version-externally-managed install_data
[2.146s] DEBUG:colcon.colcon_core.event_handler.log_command:Invoked command in '/home/kwy/kwy_teleop/src/jdamr200_teleop' returned '0': PYTHONPATH=/home/kwy/kwy_teleop/build/jdamr200_teleop/prefix_override:/usr/lib/python3/dist-packages/colcon_core/task/python/colcon_distutils_commands:/home/kwy/kwy_teleop/install/jdamr200_teleop/lib/python3.10/site-packages:${PYTHONPATH} /usr/bin/python3 -W ignore:setup.py install is deprecated -W ignore:easy_install command is deprecated setup.py egg_info --egg-base ../../build/jdamr200_teleop build --build-base /home/kwy/kwy_teleop/build/jdamr200_teleop/build install --record /home/kwy/kwy_teleop/build/jdamr200_teleop/install.log --single-version-externally-managed install_data
[2.149s] Level 1:colcon.colcon_core.environment:checking '/home/kwy/kwy_teleop/install/jdamr200_teleop' for CMake module files
[2.149s] Level 1:colcon.colcon_core.environment:checking '/home/kwy/kwy_teleop/install/jdamr200_teleop' for CMake config files
[2.150s] Level 1:colcon.colcon_core.environment:checking '/home/kwy/kwy_teleop/install/jdamr200_teleop/lib'
[2.150s] Level 1:colcon.colcon_core.environment:checking '/home/kwy/kwy_teleop/install/jdamr200_teleop/bin'
[2.150s] Level 1:colcon.colcon_core.environment:checking '/home/kwy/kwy_teleop/install/jdamr200_teleop/lib/pkgconfig/jdamr200_teleop.pc'
[2.150s] Level 1:colcon.colcon_core.environment:checking '/home/kwy/kwy_teleop/install/jdamr200_teleop/lib/python3.10/site-packages'
[2.150s] Level 1:colcon.colcon_core.shell:create_environment_hook('jdamr200_teleop', 'pythonpath')
[2.151s] INFO:colcon.colcon_core.shell:Creating environment hook '/home/kwy/kwy_teleop/install/jdamr200_teleop/share/jdamr200_teleop/hook/pythonpath.ps1'
[2.151s] INFO:colcon.colcon_core.shell:Creating environment descriptor '/home/kwy/kwy_teleop/install/jdamr200_teleop/share/jdamr200_teleop/hook/pythonpath.dsv'
[2.151s] INFO:colcon.colcon_core.shell:Creating environment hook '/home/kwy/kwy_teleop/install/jdamr200_teleop/share/jdamr200_teleop/hook/pythonpath.sh'
[2.152s] Level 1:colcon.colcon_core.environment:checking '/home/kwy/kwy_teleop/install/jdamr200_teleop/bin'
[2.152s] Level 1:colcon.colcon_core.environment:create_environment_scripts_only(jdamr200_teleop)
[2.152s] INFO:colcon.colcon_core.shell:Creating package script '/home/kwy/kwy_teleop/install/jdamr200_teleop/share/jdamr200_teleop/package.ps1'
[2.153s] INFO:colcon.colcon_core.shell:Creating package descriptor '/home/kwy/kwy_teleop/install/jdamr200_teleop/share/jdamr200_teleop/package.dsv'
[2.154s] INFO:colcon.colcon_core.shell:Creating package script '/home/kwy/kwy_teleop/install/jdamr200_teleop/share/jdamr200_teleop/package.sh'
[2.154s] INFO:colcon.colcon_core.shell:Creating package script '/home/kwy/kwy_teleop/install/jdamr200_teleop/share/jdamr200_teleop/package.bash'
[2.155s] INFO:colcon.colcon_core.shell:Creating package script '/home/kwy/kwy_teleop/install/jdamr200_teleop/share/jdamr200_teleop/package.zsh'
[2.156s] Level 1:colcon.colcon_core.environment:create_file_with_runtime_dependencies(/home/kwy/kwy_teleop/install/jdamr200_teleop/share/colcon-core/packages/jdamr200_teleop)
[2.157s] Level 1:colcon.colcon_core.environment:checking '/home/kwy/kwy_teleop/install/jdamr200_node' for CMake module files
[2.158s] DEBUG:colcon.colcon_core.event_handler.log_command:Invoked command in '/home/kwy/kwy_teleop/src/jdamr200_node' returned '0': PYTHONPATH=/home/kwy/kwy_teleop/build/jdamr200_node/prefix_override:/usr/lib/python3/dist-packages/colcon_core/task/python/colcon_distutils_commands:/home/kwy/kwy_teleop/install/jdamr200_node/lib/python3.10/site-packages:${PYTHONPATH} /usr/bin/python3 -W ignore:setup.py install is deprecated -W ignore:easy_install command is deprecated setup.py egg_info --egg-base ../../build/jdamr200_node build --build-base /home/kwy/kwy_teleop/build/jdamr200_node/build install --record /home/kwy/kwy_teleop/build/jdamr200_node/install.log --single-version-externally-managed install_data
[2.159s] Level 1:colcon.colcon_core.environment:checking '/home/kwy/kwy_teleop/install/jdamr200_node' for CMake config files
[2.159s] Level 1:colcon.colcon_core.environment:checking '/home/kwy/kwy_teleop/install/jdamr200_node/lib'
[2.159s] Level 1:colcon.colcon_core.environment:checking '/home/kwy/kwy_teleop/install/jdamr200_node/bin'
[2.159s] Level 1:colcon.colcon_core.environment:checking '/home/kwy/kwy_teleop/install/jdamr200_node/lib/pkgconfig/jdamr200_node.pc'
[2.160s] Level 1:colcon.colcon_core.environment:checking '/home/kwy/kwy_teleop/install/jdamr200_node/lib/python3.10/site-packages'
[2.160s] Level 1:colcon.colcon_core.shell:create_environment_hook('jdamr200_node', 'pythonpath')
[2.160s] INFO:colcon.colcon_core.shell:Creating environment hook '/home/kwy/kwy_teleop/install/jdamr200_node/share/jdamr200_node/hook/pythonpath.ps1'
[2.161s] INFO:colcon.colcon_core.shell:Creating environment descriptor '/home/kwy/kwy_teleop/install/jdamr200_node/share/jdamr200_node/hook/pythonpath.dsv'
[2.161s] INFO:colcon.colcon_core.shell:Creating environment hook '/home/kwy/kwy_teleop/install/jdamr200_node/share/jdamr200_node/hook/pythonpath.sh'
[2.162s] Level 1:colcon.colcon_core.environment:checking '/home/kwy/kwy_teleop/install/jdamr200_node/bin'
[2.162s] Level 1:colcon.colcon_core.environment:create_environment_scripts_only(jdamr200_node)
[2.163s] INFO:colcon.colcon_core.shell:Creating package script '/home/kwy/kwy_teleop/install/jdamr200_node/share/jdamr200_node/package.ps1'
[2.163s] INFO:colcon.colcon_core.shell:Creating package descriptor '/home/kwy/kwy_teleop/install/jdamr200_node/share/jdamr200_node/package.dsv'
[2.164s] INFO:colcon.colcon_core.shell:Creating package script '/home/kwy/kwy_teleop/install/jdamr200_node/share/jdamr200_node/package.sh'
[2.164s] INFO:colcon.colcon_core.shell:Creating package script '/home/kwy/kwy_teleop/install/jdamr200_node/share/jdamr200_node/package.bash'
[2.165s] INFO:colcon.colcon_core.shell:Creating package script '/home/kwy/kwy_teleop/install/jdamr200_node/share/jdamr200_node/package.zsh'
[2.165s] Level 1:colcon.colcon_core.environment:create_file_with_runtime_dependencies(/home/kwy/kwy_teleop/install/jdamr200_node/share/colcon-core/packages/jdamr200_node)
[4.352s] DEBUG:colcon.colcon_core.event_handler.log_command:Invoked command in '/home/kwy/kwy_teleop/build/jdamr200_cartographer' returned '0': CMAKE_PREFIX_PATH=${CMAKE_PREFIX_PATH}:/home/kwy/kwy_teleop/install/jdamr200_teleop:/opt/ros/humble /usr/bin/cmake /home/kwy/kwy_teleop/src/jdamr200_cartographer -DCMAKE_INSTALL_PREFIX=/home/kwy/kwy_teleop/install/jdamr200_cartographer
[4.352s] DEBUG:colcon.colcon_core.event_handler.log_command:Invoking command in '/home/kwy/kwy_teleop/build/jdamr200_cartographer': CMAKE_PREFIX_PATH=${CMAKE_PREFIX_PATH}:/home/kwy/kwy_teleop/install/jdamr200_teleop:/opt/ros/humble /usr/bin/cmake --build /home/kwy/kwy_teleop/build/jdamr200_cartographer -- -j8 -l8
[4.398s] DEBUG:colcon.colcon_core.event_handler.log_command:Invoked command in '/home/kwy/kwy_teleop/build/jdamr200_cartographer' returned '0': CMAKE_PREFIX_PATH=${CMAKE_PREFIX_PATH}:/home/kwy/kwy_teleop/install/jdamr200_teleop:/opt/ros/humble /usr/bin/cmake --build /home/kwy/kwy_teleop/build/jdamr200_cartographer -- -j8 -l8
[4.408s] DEBUG:colcon.colcon_core.event_handler.log_command:Invoking command in '/home/kwy/kwy_teleop/build/jdamr200_cartographer': CMAKE_PREFIX_PATH=${CMAKE_PREFIX_PATH}:/home/kwy/kwy_teleop/install/jdamr200_teleop:/opt/ros/humble /usr/bin/cmake --install /home/kwy/kwy_teleop/build/jdamr200_cartographer
[4.420s] Level 1:colcon.colcon_core.environment:create_environment_scripts_only(jdamr200_cartographer)
[4.420s] DEBUG:colcon.colcon_core.event_handler.log_command:Invoked command in '/home/kwy/kwy_teleop/build/jdamr200_cartographer' returned '0': CMAKE_PREFIX_PATH=${CMAKE_PREFIX_PATH}:/home/kwy/kwy_teleop/install/jdamr200_teleop:/opt/ros/humble /usr/bin/cmake --install /home/kwy/kwy_teleop/build/jdamr200_cartographer
[4.420s] Level 1:colcon.colcon_core.environment:checking '/home/kwy/kwy_teleop/install/jdamr200_cartographer' for CMake module files
[4.421s] Level 1:colcon.colcon_core.environment:checking '/home/kwy/kwy_teleop/install/jdamr200_cartographer' for CMake config files
[4.421s] Level 1:colcon.colcon_core.shell:create_environment_hook('jdamr200_cartographer', 'cmake_prefix_path')
[4.421s] INFO:colcon.colcon_core.shell:Creating environment hook '/home/kwy/kwy_teleop/install/jdamr200_cartographer/share/jdamr200_cartographer/hook/cmake_prefix_path.ps1'
[4.422s] INFO:colcon.colcon_core.shell:Creating environment descriptor '/home/kwy/kwy_teleop/install/jdamr200_cartographer/share/jdamr200_cartographer/hook/cmake_prefix_path.dsv'
[4.422s] INFO:colcon.colcon_core.shell:Creating environment hook '/home/kwy/kwy_teleop/install/jdamr200_cartographer/share/jdamr200_cartographer/hook/cmake_prefix_path.sh'
[4.423s] Level 1:colcon.colcon_core.environment:checking '/home/kwy/kwy_teleop/install/jdamr200_cartographer/bin'
[4.423s] Level 1:colcon.colcon_core.environment:checking '/home/kwy/kwy_teleop/install/jdamr200_cartographer/lib/pkgconfig/jdamr200_cartographer.pc'
[4.424s] Level 1:colcon.colcon_core.environment:checking '/home/kwy/kwy_teleop/install/jdamr200_cartographer/lib/python3.10/site-packages'
[4.424s] Level 1:colcon.colcon_core.environment:checking '/home/kwy/kwy_teleop/install/jdamr200_cartographer/bin'
[4.424s] INFO:colcon.colcon_core.shell:Creating package script '/home/kwy/kwy_teleop/install/jdamr200_cartographer/share/jdamr200_cartographer/package.ps1'
[4.425s] INFO:colcon.colcon_core.shell:Creating package descriptor '/home/kwy/kwy_teleop/install/jdamr200_cartographer/share/jdamr200_cartographer/package.dsv'
[4.425s] INFO:colcon.colcon_core.shell:Creating package script '/home/kwy/kwy_teleop/install/jdamr200_cartographer/share/jdamr200_cartographer/package.sh'
[4.425s] INFO:colcon.colcon_core.shell:Creating package script '/home/kwy/kwy_teleop/install/jdamr200_cartographer/share/jdamr200_cartographer/package.bash'
[4.426s] INFO:colcon.colcon_core.shell:Creating package script '/home/kwy/kwy_teleop/install/jdamr200_cartographer/share/jdamr200_cartographer/package.zsh'
[4.426s] Level 1:colcon.colcon_core.environment:create_file_with_runtime_dependencies(/home/kwy/kwy_teleop/install/jdamr200_cartographer/share/colcon-core/packages/jdamr200_cartographer)
[4.427s] Level 1:colcon.colcon_core.environment:create_environment_scripts_only(jdamr200_cartographer)
[4.427s] Level 1:colcon.colcon_core.environment:checking '/home/kwy/kwy_teleop/install/jdamr200_cartographer' for CMake module files
[4.427s] Level 1:colcon.colcon_core.environment:checking '/home/kwy/kwy_teleop/install/jdamr200_cartographer' for CMake config files
[4.427s] Level 1:colcon.colcon_core.shell:create_environment_hook('jdamr200_cartographer', 'cmake_prefix_path')
[4.428s] INFO:colcon.colcon_core.shell:Creating environment hook '/home/kwy/kwy_teleop/install/jdamr200_cartographer/share/jdamr200_cartographer/hook/cmake_prefix_path.ps1'
[4.428s] INFO:colcon.colcon_core.shell:Creating environment descriptor '/home/kwy/kwy_teleop/install/jdamr200_cartographer/share/jdamr200_cartographer/hook/cmake_prefix_path.dsv'
[4.428s] INFO:colcon.colcon_core.shell:Creating environment hook '/home/kwy/kwy_teleop/install/jdamr200_cartographer/share/jdamr200_cartographer/hook/cmake_prefix_path.sh'
[4.429s] Level 1:colcon.colcon_core.environment:checking '/home/kwy/kwy_teleop/install/jdamr200_cartographer/bin'
[4.429s] Level 1:colcon.colcon_core.environment:checking '/home/kwy/kwy_teleop/install/jdamr200_cartographer/lib/pkgconfig/jdamr200_cartographer.pc'
[4.429s] Level 1:colcon.colcon_core.environment:checking '/home/kwy/kwy_teleop/install/jdamr200_cartographer/lib/python3.10/site-packages'
[4.429s] Level 1:colcon.colcon_core.environment:checking '/home/kwy/kwy_teleop/install/jdamr200_cartographer/bin'
[4.430s] INFO:colcon.colcon_core.shell:Creating package script '/home/kwy/kwy_teleop/install/jdamr200_cartographer/share/jdamr200_cartographer/package.ps1'
[4.430s] INFO:colcon.colcon_core.shell:Creating package descriptor '/home/kwy/kwy_teleop/install/jdamr200_cartographer/share/jdamr200_cartographer/package.dsv'
[4.430s] INFO:colcon.colcon_core.shell:Creating package script '/home/kwy/kwy_teleop/install/jdamr200_cartographer/share/jdamr200_cartographer/package.sh'
[4.431s] INFO:colcon.colcon_core.shell:Creating package script '/home/kwy/kwy_teleop/install/jdamr200_cartographer/share/jdamr200_cartographer/package.bash'
[4.431s] INFO:colcon.colcon_core.shell:Creating package script '/home/kwy/kwy_teleop/install/jdamr200_cartographer/share/jdamr200_cartographer/package.zsh'
[4.432s] Level 1:colcon.colcon_core.environment:create_file_with_runtime_dependencies(/home/kwy/kwy_teleop/install/jdamr200_cartographer/share/colcon-core/packages/jdamr200_cartographer)
[4.432s] DEBUG:colcon.colcon_parallel_executor.executor.parallel:closing loop
[4.432s] DEBUG:colcon.colcon_parallel_executor.executor.parallel:loop closed
[4.432s] DEBUG:colcon.colcon_parallel_executor.executor.parallel:run_until_complete finished with '0'
[4.433s] DEBUG:colcon.colcon_core.event_reactor:joining thread
[4.438s] INFO:colcon.colcon_core.plugin_system:Skipping extension 'colcon_notification.desktop_notification.terminal_notifier': Not used on non-Darwin systems
[4.439s] INFO:colcon.colcon_core.plugin_system:Skipping extension 'colcon_notification.desktop_notification.win32': Not used on non-Windows systems
[4.439s] INFO:colcon.colcon_notification.desktop_notification:Sending desktop notification using 'notify2'
[4.451s] DEBUG:colcon.colcon_core.event_reactor:joined thread
[4.451s] INFO:colcon.colcon_core.shell:Creating prefix script '/home/kwy/kwy_teleop/install/local_setup.ps1'
[4.452s] INFO:colcon.colcon_core.shell:Creating prefix util module '/home/kwy/kwy_teleop/install/_local_setup_util_ps1.py'
[4.453s] INFO:colcon.colcon_core.shell:Creating prefix chain script '/home/kwy/kwy_teleop/install/setup.ps1'
[4.455s] INFO:colcon.colcon_core.shell:Creating prefix script '/home/kwy/kwy_teleop/install/local_setup.sh'
[4.455s] INFO:colcon.colcon_core.shell:Creating prefix util module '/home/kwy/kwy_teleop/install/_local_setup_util_sh.py'
[4.456s] INFO:colcon.colcon_core.shell:Creating prefix chain script '/home/kwy/kwy_teleop/install/setup.sh'
[4.457s] INFO:colcon.colcon_core.shell:Creating prefix script '/home/kwy/kwy_teleop/install/local_setup.bash'
[4.458s] INFO:colcon.colcon_core.shell:Creating prefix chain script '/home/kwy/kwy_teleop/install/setup.bash'
[4.459s] INFO:colcon.colcon_core.shell:Creating prefix script '/home/kwy/kwy_teleop/install/local_setup.zsh'
[4.459s] INFO:colcon.colcon_core.shell:Creating prefix chain script '/home/kwy/kwy_teleop/install/setup.zsh'
