[0.030s] Invoking command in '/home/kwy/kwy_teleop/build/jdamr200_cartographer': CMAKE_PREFIX_PATH=${CMAKE_PREFIX_PATH}:/home/kwy/kwy_teleop/install/jdamr200_teleop:/opt/ros/humble /usr/bin/cmake /home/kwy/kwy_teleop/src/jdamr200_cartographer -DCMAKE_INSTALL_PREFIX=/home/kwy/kwy_teleop/install/jdamr200_cartographer
[0.343s] -- The C compiler identification is GNU 11.4.0
[0.344s] -- The CXX compiler identification is GNU 11.4.0
[0.344s] -- Detecting C compiler ABI info
[0.344s] -- Detecting C compiler ABI info - done
[0.344s] -- Check for working C compiler: /usr/bin/cc - skipped
[0.344s] -- Detecting C compile features
[0.345s] -- Detecting C compile features - done
[0.345s] -- Detecting CXX compiler ABI info
[0.373s] -- Detecting CXX compiler ABI info - done
[0.390s] -- Check for working CXX compiler: /usr/bin/c++ - skipped
[0.390s] -- Detecting CXX compile features
[0.391s] -- Detecting CXX compile features - done
[0.394s] -- Found ament_cmake: 1.3.11 (/opt/ros/humble/share/ament_cmake/cmake)
[0.581s] -- Found Python3: /usr/bin/python3 (found version "3.10.12") found components: Interpreter 
[0.692s] -- Found cartographer_ros: 2.0.9002 (/opt/ros/humble/share/cartographer_ros/cmake)
[0.748s] -- Found rosidl_generator_c: 3.1.6 (/opt/ros/humble/share/rosidl_generator_c/cmake)
[0.757s] -- Found rosidl_adapter: 3.1.6 (/opt/ros/humble/share/rosidl_adapter/cmake)
[0.771s] -- Found rosidl_generator_cpp: 3.1.6 (/opt/ros/humble/share/rosidl_generator_cpp/cmake)
[0.793s] -- Using all available rosidl_typesupport_c: rosidl_typesupport_fastrtps_c;rosidl_typesupport_introspection_c
[0.819s] -- Using all available rosidl_typesupport_cpp: rosidl_typesupport_fastrtps_cpp;rosidl_typesupport_introspection_cpp
[1.197s] -- Found rmw_implementation_cmake: 6.1.2 (/opt/ros/humble/share/rmw_implementation_cmake/cmake)
[1.200s] -- Found rmw_fastrtps_cpp: 6.2.7 (/opt/ros/humble/share/rmw_fastrtps_cpp/cmake)
[1.294s] -- Found OpenSSL: /usr/lib/x86_64-linux-gnu/libcrypto.so (found version "3.0.2")  
[1.337s] -- Found FastRTPS: /opt/ros/humble/include  
[1.383s] -- Using RMW implementation 'rmw_fastrtps_cpp' as default
[1.396s] -- Found Threads: TRUE  
[1.536s] -- Checking for module 'eigen3'
[1.551s] --   Found eigen3, version 3.4.0
[1.584s] -- Found Eigen: /usr/include/eigen3 (Required is at least version "3.1") 
[1.584s] -- Eigen found (include: /usr/include/eigen3, version: 3.4.0)
[1.628s] -- Checking for module 'flann'
[1.641s] --   Found flann, version 1.9.1
[1.678s] -- Found FLANN: /usr/lib/x86_64-linux-gnu/libflann_cpp.so  
[1.678s] -- FLANN found (include: /usr/include, lib: /usr/lib/x86_64-linux-gnu/libflann_cpp.so)
[2.610s] -- Checking for module 'libusb-1.0'
[2.623s] --   Found libusb-1.0, version 1.0.25
[2.658s] -- Found libusb: /usr/lib/x86_64-linux-gnu/libusb-1.0.so  
[2.659s] -- OpenNI found (version: 1.5.4.0, include: /usr/include/ni, lib: /usr/lib/libOpenNI.so;libusb::libusb)
[2.712s] -- OpenNI2 found (version: 2.2.0.33, include: /usr/include/openni2, lib: /usr/lib/x86_64-linux-gnu/libOpenNI2.so;libusb::libusb)
[2.871s] -- Eigen found (include: /usr/include/eigen3, version: 3.4.0)
[2.878s] -- OpenNI found (version: 1.5.4.0, include: /usr/include/ni, lib: /usr/lib/libOpenNI.so;libusb::libusb)
[2.885s] -- OpenNI2 found (version: 2.2.0.33, include: /usr/include/openni2, lib: /usr/lib/x86_64-linux-gnu/libOpenNI2.so;libusb::libusb)
[3.035s] -- Found Qhull version 8.0.2
[3.189s] -- OpenNI found (version: 1.5.4.0, include: /usr/include/ni, lib: /usr/lib/libOpenNI.so;libusb::libusb)
[3.338s] -- Found PCL_COMMON: /usr/lib/x86_64-linux-gnu/libpcl_common.so  
[3.338s] -- Found PCL_KDTREE: /usr/lib/x86_64-linux-gnu/libpcl_kdtree.so  
[3.339s] -- Found PCL_OCTREE: /usr/lib/x86_64-linux-gnu/libpcl_octree.so  
[3.340s] -- Found PCL_SEARCH: /usr/lib/x86_64-linux-gnu/libpcl_search.so  
[3.341s] -- Found PCL_SAMPLE_CONSENSUS: /usr/lib/x86_64-linux-gnu/libpcl_sample_consensus.so  
[3.342s] -- Found PCL_FILTERS: /usr/lib/x86_64-linux-gnu/libpcl_filters.so  
[3.342s] -- Found PCL_2D: /usr/include/pcl-1.12  
[3.343s] -- Found PCL_GEOMETRY: /usr/include/pcl-1.12  
[3.343s] -- Found PCL_IO: /usr/lib/x86_64-linux-gnu/libpcl_io.so  
[3.344s] -- Found PCL_FEATURES: /usr/lib/x86_64-linux-gnu/libpcl_features.so  
[3.345s] -- Found PCL_ML: /usr/lib/x86_64-linux-gnu/libpcl_ml.so  
[3.346s] -- Found PCL_SEGMENTATION: /usr/lib/x86_64-linux-gnu/libpcl_segmentation.so  
[3.347s] -- Found PCL_VISUALIZATION: /usr/lib/x86_64-linux-gnu/libpcl_visualization.so  
[3.348s] -- Found PCL_SURFACE: /usr/lib/x86_64-linux-gnu/libpcl_surface.so  
[3.349s] -- Found PCL_REGISTRATION: /usr/lib/x86_64-linux-gnu/libpcl_registration.so  
[3.350s] -- Found PCL_KEYPOINTS: /usr/lib/x86_64-linux-gnu/libpcl_keypoints.so  
[3.351s] -- Found PCL_TRACKING: /usr/lib/x86_64-linux-gnu/libpcl_tracking.so  
[3.352s] -- Found PCL_RECOGNITION: /usr/lib/x86_64-linux-gnu/libpcl_recognition.so  
[3.353s] -- Found PCL_STEREO: /usr/lib/x86_64-linux-gnu/libpcl_stereo.so  
[3.354s] -- Found PCL_APPS: /usr/lib/x86_64-linux-gnu/libpcl_apps.so  
[3.355s] -- Found PCL_IN_HAND_SCANNER: /usr/include/pcl-1.12  
[3.355s] -- Found PCL_MODELER: /usr/include/pcl-1.12  
[3.356s] -- Found PCL_POINT_CLOUD_EDITOR: /usr/include/pcl-1.12  
[3.357s] -- Found PCL_OUTOFCORE: /usr/lib/x86_64-linux-gnu/libpcl_outofcore.so  
[3.357s] -- Found PCL_PEOPLE: /usr/lib/x86_64-linux-gnu/libpcl_people.so  
[3.537s] -- Found ament_lint_auto: 0.12.11 (/opt/ros/humble/share/ament_lint_auto/cmake)
[3.625s] -- Added test 'flake8' to check Python code syntax and style conventions
[3.625s] -- Added test 'lint_cmake' to check CMake code style
[3.626s] -- Added test 'pep257' to check Python code against some of the docstring style conventions in PEP 257
[3.627s] -- Added test 'xmllint' to check XML markup files
[3.628s] -- Configuring done
[3.638s] -- Generating done
[3.642s] -- Build files have been written to: /home/kwy/kwy_teleop/build/jdamr200_cartographer
[3.663s] Invoked command in '/home/kwy/kwy_teleop/build/jdamr200_cartographer' returned '0': CMAKE_PREFIX_PATH=${CMAKE_PREFIX_PATH}:/home/kwy/kwy_teleop/install/jdamr200_teleop:/opt/ros/humble /usr/bin/cmake /home/kwy/kwy_teleop/src/jdamr200_cartographer -DCMAKE_INSTALL_PREFIX=/home/kwy/kwy_teleop/install/jdamr200_cartographer
[3.664s] Invoking command in '/home/kwy/kwy_teleop/build/jdamr200_cartographer': CMAKE_PREFIX_PATH=${CMAKE_PREFIX_PATH}:/home/kwy/kwy_teleop/install/jdamr200_teleop:/opt/ros/humble /usr/bin/cmake --build /home/kwy/kwy_teleop/build/jdamr200_cartographer -- -j8 -l8
[3.709s] Invoked command in '/home/kwy/kwy_teleop/build/jdamr200_cartographer' returned '0': CMAKE_PREFIX_PATH=${CMAKE_PREFIX_PATH}:/home/kwy/kwy_teleop/install/jdamr200_teleop:/opt/ros/humble /usr/bin/cmake --build /home/kwy/kwy_teleop/build/jdamr200_cartographer -- -j8 -l8
[3.719s] Invoking command in '/home/kwy/kwy_teleop/build/jdamr200_cartographer': CMAKE_PREFIX_PATH=${CMAKE_PREFIX_PATH}:/home/kwy/kwy_teleop/install/jdamr200_teleop:/opt/ros/humble /usr/bin/cmake --install /home/kwy/kwy_teleop/build/jdamr200_cartographer
[3.726s] -- Install configuration: ""
[3.727s] -- Installing: /home/kwy/kwy_teleop/install/jdamr200_cartographer/share/jdamr200_cartographer/launch
[3.727s] -- Installing: /home/kwy/kwy_teleop/install/jdamr200_cartographer/share/jdamr200_cartographer/launch/occupancy_grid.launch.py
[3.727s] -- Installing: /home/kwy/kwy_teleop/install/jdamr200_cartographer/share/jdamr200_cartographer/launch/cartographer.launch.py
[3.727s] -- Installing: /home/kwy/kwy_teleop/install/jdamr200_cartographer/share/jdamr200_cartographer/config
[3.727s] -- Installing: /home/kwy/kwy_teleop/install/jdamr200_cartographer/share/jdamr200_cartographer/config/jdamr200_lidar.lua
[3.727s] -- Installing: /home/kwy/kwy_teleop/install/jdamr200_cartographer/share/ament_index/resource_index/package_run_dependencies/jdamr200_cartographer
[3.727s] -- Installing: /home/kwy/kwy_teleop/install/jdamr200_cartographer/share/ament_index/resource_index/parent_prefix_path/jdamr200_cartographer
[3.727s] -- Installing: /home/kwy/kwy_teleop/install/jdamr200_cartographer/share/jdamr200_cartographer/environment/ament_prefix_path.sh
[3.728s] -- Installing: /home/kwy/kwy_teleop/install/jdamr200_cartographer/share/jdamr200_cartographer/environment/ament_prefix_path.dsv
[3.728s] -- Installing: /home/kwy/kwy_teleop/install/jdamr200_cartographer/share/jdamr200_cartographer/environment/path.sh
[3.728s] -- Installing: /home/kwy/kwy_teleop/install/jdamr200_cartographer/share/jdamr200_cartographer/environment/path.dsv
[3.728s] -- Installing: /home/kwy/kwy_teleop/install/jdamr200_cartographer/share/jdamr200_cartographer/local_setup.bash
[3.728s] -- Installing: /home/kwy/kwy_teleop/install/jdamr200_cartographer/share/jdamr200_cartographer/local_setup.sh
[3.728s] -- Installing: /home/kwy/kwy_teleop/install/jdamr200_cartographer/share/jdamr200_cartographer/local_setup.zsh
[3.729s] -- Installing: /home/kwy/kwy_teleop/install/jdamr200_cartographer/share/jdamr200_cartographer/local_setup.dsv
[3.729s] -- Installing: /home/kwy/kwy_teleop/install/jdamr200_cartographer/share/jdamr200_cartographer/package.dsv
[3.729s] -- Installing: /home/kwy/kwy_teleop/install/jdamr200_cartographer/share/ament_index/resource_index/packages/jdamr200_cartographer
[3.729s] -- Installing: /home/kwy/kwy_teleop/install/jdamr200_cartographer/share/jdamr200_cartographer/cmake/jdamr200_cartographerConfig.cmake
[3.729s] -- Installing: /home/kwy/kwy_teleop/install/jdamr200_cartographer/share/jdamr200_cartographer/cmake/jdamr200_cartographerConfig-version.cmake
[3.729s] -- Installing: /home/kwy/kwy_teleop/install/jdamr200_cartographer/share/jdamr200_cartographer/package.xml
[3.731s] Invoked command in '/home/kwy/kwy_teleop/build/jdamr200_cartographer' returned '0': CMAKE_PREFIX_PATH=${CMAKE_PREFIX_PATH}:/home/kwy/kwy_teleop/install/jdamr200_teleop:/opt/ros/humble /usr/bin/cmake --install /home/kwy/kwy_teleop/build/jdamr200_cartographer
