running egg_info
creating ../../build/jdamr200_teleop/jdamr200_teleop.egg-info
writing ../../build/jdamr200_teleop/jdamr200_teleop.egg-info/PKG-INFO
writing dependency_links to ../../build/jdamr200_teleop/jdamr200_teleop.egg-info/dependency_links.txt
writing entry points to ../../build/jdamr200_teleop/jdamr200_teleop.egg-info/entry_points.txt
writing requirements to ../../build/jdamr200_teleop/jdamr200_teleop.egg-info/requires.txt
writing top-level names to ../../build/jdamr200_teleop/jdamr200_teleop.egg-info/top_level.txt
writing manifest file '../../build/jdamr200_teleop/jdamr200_teleop.egg-info/SOURCES.txt'
reading manifest file '../../build/jdamr200_teleop/jdamr200_teleop.egg-info/SOURCES.txt'
writing manifest file '../../build/jdamr200_teleop/jdamr200_teleop.egg-info/SOURCES.txt'
running build
running build_py
creating /home/kwy/kwy_teleop/build/jdamr200_teleop/build
creating /home/kwy/kwy_teleop/build/jdamr200_teleop/build/lib
creating /home/kwy/kwy_teleop/build/jdamr200_teleop/build/lib/jdamr200_teleop
copying jdamr200_teleop/jdamr_teleop.py -> /home/kwy/kwy_teleop/build/jdamr200_teleop/build/lib/jdamr200_teleop
copying jdamr200_teleop/__init__.py -> /home/kwy/kwy_teleop/build/jdamr200_teleop/build/lib/jdamr200_teleop
running install
running install_lib
creating /home/kwy/kwy_teleop/install/jdamr200_teleop/lib/python3.10/site-packages/jdamr200_teleop
copying /home/kwy/kwy_teleop/build/jdamr200_teleop/build/lib/jdamr200_teleop/jdamr_teleop.py -> /home/kwy/kwy_teleop/install/jdamr200_teleop/lib/python3.10/site-packages/jdamr200_teleop
copying /home/kwy/kwy_teleop/build/jdamr200_teleop/build/lib/jdamr200_teleop/__init__.py -> /home/kwy/kwy_teleop/install/jdamr200_teleop/lib/python3.10/site-packages/jdamr200_teleop
byte-compiling /home/kwy/kwy_teleop/install/jdamr200_teleop/lib/python3.10/site-packages/jdamr200_teleop/jdamr_teleop.py to jdamr_teleop.cpython-310.pyc
byte-compiling /home/kwy/kwy_teleop/install/jdamr200_teleop/lib/python3.10/site-packages/jdamr200_teleop/__init__.py to __init__.cpython-310.pyc
running install_data
creating /home/kwy/kwy_teleop/install/jdamr200_teleop/share/ament_index
creating /home/kwy/kwy_teleop/install/jdamr200_teleop/share/ament_index/resource_index
creating /home/kwy/kwy_teleop/install/jdamr200_teleop/share/ament_index/resource_index/packages
copying resource/jdamr200_teleop -> /home/kwy/kwy_teleop/install/jdamr200_teleop/share/ament_index/resource_index/packages
copying package.xml -> /home/kwy/kwy_teleop/install/jdamr200_teleop/share/jdamr200_teleop
running install_egg_info
Copying ../../build/jdamr200_teleop/jdamr200_teleop.egg-info to /home/kwy/kwy_teleop/install/jdamr200_teleop/lib/python3.10/site-packages/jdamr200_teleop-0.0.0-py3.10.egg-info
running install_scripts
Installing jdamr_teleop script to /home/kwy/kwy_teleop/install/jdamr200_teleop/lib/jdamr200_teleop
writing list of installed files to '/home/kwy/kwy_teleop/build/jdamr200_teleop/install.log'
